flutterprojects/custupdation/customer/build/app/intermediates/manifest_merge_blame_file/release/manifest-merger-blame-release-report.txt
1<?xml version="1.0" encoding="utf-8"?>
2<manifest xmlns:android="http://schemas.android.com/apk/res/android"
3    package="com.gds.customer"
4    android:versionCode="1"
5    android:versionName="1.0.0" >
6
7    <uses-sdk
8        android:minSdkVersion="23"
8-->src\main\AndroidManifest.xml
9        android:targetSdkVersion="34" />
9-->src\main\AndroidManifest.xml
10
11    <uses-permission android:name="android.permission.INTERNET" />
11-->src\main\AndroidManifest.xml:4:5-66
11-->src\main\AndroidManifest.xml:4:22-64
12    <uses-permission android:name="android.permission.CAMERA" />
12-->src\main\AndroidManifest.xml:5:5-64
12-->src\main\AndroidManifest.xml:5:22-62
13    <uses-permission
13-->src\main\AndroidManifest.xml:6:5-106
14        android:name="android.permission.READ_EXTERNAL_STORAGE"
14-->src\main\AndroidManifest.xml:6:22-77
15        android:maxSdkVersion="32" />
15-->src\main\AndroidManifest.xml:6:78-104
16    <uses-permission
16-->src\main\AndroidManifest.xml:7:5-107
17        android:name="android.permission.WRITE_EXTERNAL_STORAGE"
17-->src\main\AndroidManifest.xml:7:22-78
18        android:maxSdkVersion="32" />
18-->src\main\AndroidManifest.xml:7:79-105
19    <uses-permission android:name="android.permission.READ_MEDIA_IMAGES" />
19-->src\main\AndroidManifest.xml:8:5-75
19-->src\main\AndroidManifest.xml:8:22-73
20    <uses-permission android:name="android.permission.READ_MEDIA_VIDEO" />
20-->src\main\AndroidManifest.xml:9:5-74
20-->src\main\AndroidManifest.xml:9:22-72
21    <uses-permission android:name="android.permission.READ_SMS" />
21-->src\main\AndroidManifest.xml:10:5-67
21-->src\main\AndroidManifest.xml:10:22-64
22    <uses-permission android:name="android.permission.RECEIVE_SMS" />
22-->src\main\AndroidManifest.xml:11:5-70
22-->src\main\AndroidManifest.xml:11:22-67
23    <uses-permission android:name="android.permission.WAKE_LOCK" />
23-->src\main\AndroidManifest.xml:12:5-68
23-->src\main\AndroidManifest.xml:12:22-65
24    <uses-permission android:name="android.permission.ACCESS_FINE_LOCATION" />
24-->src\main\AndroidManifest.xml:13:5-79
24-->src\main\AndroidManifest.xml:13:22-76
25    <uses-permission android:name="android.permission.ACCESS_COARSE_LOCATION" />
25-->src\main\AndroidManifest.xml:14:5-81
25-->src\main\AndroidManifest.xml:14:22-78
26
27    <queries>
27-->[:file_picker] AndroidManifest.xml:13:5-19:15
28        <intent>
28-->[:file_picker] AndroidManifest.xml:14:9-18:18
29            <action android:name="android.intent.action.GET_CONTENT" />
29-->[:file_picker] AndroidManifest.xml:15:13-72
29-->[:file_picker] AndroidManifest.xml:15:21-69
30
31            <data android:mimeType="*/*" />
31-->src\main\AndroidManifest.xml:58:17-79
32        </intent>
33        <!-- Added to check if Chrome is installed for browser-based payment authentication (e.g. 3DS1). -->
34        <package android:name="com.android.chrome" /> <!-- Added to check the default browser that will host the AuthFlow. -->
34-->[com.stripe:payments-core:20.37.4] AndroidManifest.xml:11:9-54
34-->[com.stripe:payments-core:20.37.4] AndroidManifest.xml:11:18-51
35        <intent>
35-->[com.stripe:financial-connections:20.37.4] AndroidManifest.xml:13:9-17:18
36            <action android:name="android.intent.action.VIEW" />
36-->src\main\AndroidManifest.xml:55:17-69
36-->src\main\AndroidManifest.xml:55:25-66
37
38            <data android:scheme="http" />
38-->src\main\AndroidManifest.xml:58:17-79
38-->src\main\AndroidManifest.xml:58:23-48
39        </intent> <!-- Needs to be explicitly declared on Android R+ -->
40        <package android:name="com.google.android.apps.maps" />
40-->[com.google.android.gms:play-services-maps:18.2.0] AndroidManifest.xml:33:9-64
40-->[com.google.android.gms:play-services-maps:18.2.0] AndroidManifest.xml:33:18-61
41    </queries> <!-- Include required permissions for Google Maps API to run. -->
42    <uses-permission android:name="android.permission.ACCESS_NETWORK_STATE" />
42-->[com.google.android.gms:play-services-maps:18.2.0] AndroidManifest.xml:23:5-79
42-->[com.google.android.gms:play-services-maps:18.2.0] AndroidManifest.xml:23:22-76
43
44    <uses-feature
44-->[com.google.android.gms:play-services-maps:18.2.0] AndroidManifest.xml:26:5-28:35
45        android:glEsVersion="0x00020000"
45-->[com.google.android.gms:play-services-maps:18.2.0] AndroidManifest.xml:27:9-41
46        android:required="true" /> <!-- Required by older versions of Google Play services to create IID tokens -->
46-->[com.google.android.gms:play-services-maps:18.2.0] AndroidManifest.xml:28:9-32
47    <uses-permission android:name="com.google.android.c2dm.permission.RECEIVE" />
47-->[com.google.firebase:firebase-iid:21.1.0] AndroidManifest.xml:26:5-82
47-->[com.google.firebase:firebase-iid:21.1.0] AndroidManifest.xml:26:22-79
48    <uses-permission android:name="com.google.android.providers.gsf.permission.READ_GSERVICES" />
48-->[com.google.android.recaptcha:recaptcha:18.4.0] AndroidManifest.xml:9:5-98
48-->[com.google.android.recaptcha:recaptcha:18.4.0] AndroidManifest.xml:9:22-95
49
50    <permission
50-->[androidx.core:core:1.13.0] AndroidManifest.xml:22:5-24:47
51        android:name="com.gds.customer.DYNAMIC_RECEIVER_NOT_EXPORTED_PERMISSION"
51-->[androidx.core:core:1.13.0] AndroidManifest.xml:23:9-81
52        android:protectionLevel="signature" />
52-->[androidx.core:core:1.13.0] AndroidManifest.xml:24:9-44
53
54    <uses-permission android:name="com.gds.customer.DYNAMIC_RECEIVER_NOT_EXPORTED_PERMISSION" />
54-->[androidx.core:core:1.13.0] AndroidManifest.xml:26:5-97
54-->[androidx.core:core:1.13.0] AndroidManifest.xml:26:22-94
55
56    <application
56-->src\main\AndroidManifest.xml:17:5-78:19
57        android:appComponentFactory="androidx.core.app.CoreComponentFactory"
57-->[androidx.core:core:1.13.0] AndroidManifest.xml:28:18-86
58        android:extractNativeLibs="false"
59        android:icon="@mipmap/launcher_icon"
59-->src\main\AndroidManifest.xml:20:9-45
60        android:label="customer"
60-->src\main\AndroidManifest.xml:18:9-33
61        android:requestLegacyExternalStorage="true" >
61-->src\main\AndroidManifest.xml:21:9-52
62        <activity
62-->src\main\AndroidManifest.xml:23:9-61:20
63            android:name="com.gds.customer.MainActivity"
63-->src\main\AndroidManifest.xml:24:13-41
64            android:configChanges="orientation|keyboardHidden|keyboard|screenSize|smallestScreenSize|locale|layoutDirection|fontScale|screenLayout|density|uiMode"
64-->src\main\AndroidManifest.xml:28:13-163
65            android:exported="true"
65-->src\main\AndroidManifest.xml:25:13-36
66            android:hardwareAccelerated="true"
66-->src\main\AndroidManifest.xml:29:13-47
67            android:launchMode="singleTop"
67-->src\main\AndroidManifest.xml:26:13-43
68            android:theme="@style/LaunchTheme"
68-->src\main\AndroidManifest.xml:27:13-47
69            android:windowSoftInputMode="adjustResize" >
69-->src\main\AndroidManifest.xml:30:13-55
70
71            <!--
72                 Specifies an Android theme to apply to this Activity as soon as
73                 the Android process has started. This theme is visible to the user
74                 while the Flutter UI initializes. After that, this theme continues
75                 to determine the Window background behind the Flutter UI.
76            -->
77            <meta-data
77-->src\main\AndroidManifest.xml:35:13-38:17
78                android:name="io.flutter.embedding.android.NormalTheme"
78-->src\main\AndroidManifest.xml:36:15-70
79                android:resource="@style/NormalTheme" />
79-->src\main\AndroidManifest.xml:37:15-52
80            <!--
81                 Displays an Android View that continues showing the launch screen
82                 Drawable until Flutter paints its first frame, then this splash
83                 screen fades out. A splash screen is useful to avoid any visual
84                 gap between the end of Android's launch screen and the painting of
85                 Flutter's first frame.
86            -->
87            <meta-data
87-->src\main\AndroidManifest.xml:44:13-47:17
88                android:name="io.flutter.embedding.android.SplashScreenDrawable"
88-->src\main\AndroidManifest.xml:45:15-79
89                android:resource="@drawable/launch_background" />
89-->src\main\AndroidManifest.xml:46:15-61
90
91            <intent-filter>
91-->src\main\AndroidManifest.xml:48:13-51:29
92                <action android:name="android.intent.action.MAIN" />
92-->src\main\AndroidManifest.xml:49:17-68
92-->src\main\AndroidManifest.xml:49:25-66
93
94                <category android:name="android.intent.category.LAUNCHER" />
94-->src\main\AndroidManifest.xml:50:17-76
94-->src\main\AndroidManifest.xml:50:27-74
95            </intent-filter>
96            <!-- Deep linking -->
97            <meta-data
97-->src\main\AndroidManifest.xml:53:13-90
98                android:name="flutter_deeplinking_enabled"
98-->src\main\AndroidManifest.xml:53:24-66
99                android:value="true" />
99-->src\main\AndroidManifest.xml:53:67-87
100
101            <intent-filter android:autoVerify="true" >
101-->src\main\AndroidManifest.xml:54:13-59:29
101-->src\main\AndroidManifest.xml:54:28-53
102                <action android:name="android.intent.action.VIEW" />
102-->src\main\AndroidManifest.xml:55:17-69
102-->src\main\AndroidManifest.xml:55:25-66
103
104                <category android:name="android.intent.category.DEFAULT" />
104-->src\main\AndroidManifest.xml:56:17-76
104-->src\main\AndroidManifest.xml:56:27-73
105                <category android:name="android.intent.category.BROWSABLE" />
105-->src\main\AndroidManifest.xml:57:17-78
105-->src\main\AndroidManifest.xml:57:27-75
106
107                <data
107-->src\main\AndroidManifest.xml:58:17-79
108                    android:host="customer.com"
108-->src\main\AndroidManifest.xml:58:49-76
109                    android:scheme="customer" />
109-->src\main\AndroidManifest.xml:58:23-48
110            </intent-filter>
111        </activity>
112
113        <receiver
113-->src\main\AndroidManifest.xml:63:9-68:20
114            android:name="com.shounakmulay.telephony.sms.IncomingSmsReceiver"
114-->src\main\AndroidManifest.xml:63:19-84
115            android:exported="true"
115-->src\main\AndroidManifest.xml:64:67-90
116            android:permission="android.permission.BROADCAST_SMS" >
116-->src\main\AndroidManifest.xml:64:13-66
117            <intent-filter>
117-->src\main\AndroidManifest.xml:65:13-67:29
118                <action android:name="android.provider.Telephony.SMS_RECEIVED" />
118-->src\main\AndroidManifest.xml:66:17-81
118-->src\main\AndroidManifest.xml:66:25-79
119            </intent-filter>
120        </receiver>
121
122        <!--
123             Don't delete the meta-data below.
124             This is used by the Flutter tool to generate GeneratedPluginRegistrant.java
125        -->
126        <meta-data
126-->src\main\AndroidManifest.xml:72:9-74:33
127            android:name="flutterEmbedding"
127-->src\main\AndroidManifest.xml:73:13-44
128            android:value="2" />
128-->src\main\AndroidManifest.xml:74:13-30
129        <meta-data
129-->src\main\AndroidManifest.xml:75:9-123
130            android:name="com.google.android.geo.API_KEY"
130-->src\main\AndroidManifest.xml:75:20-65
131            android:value="AIzaSyC2Vdj7JPSjSjs0g85GweGyZVgzJa-_3j4" />
131-->src\main\AndroidManifest.xml:75:66-121
132        <meta-data
132-->src\main\AndroidManifest.xml:77:9-99
133            android:name="com.google.android.gms.wallet.api.enabled"
133-->src\main\AndroidManifest.xml:77:20-76
134            android:value="true" />
134-->src\main\AndroidManifest.xml:77:77-97
135
136        <service
136-->[:cloud_firestore] AndroidManifest.xml:10:9-14:19
137            android:name="com.google.firebase.components.ComponentDiscoveryService"
137-->[:cloud_firestore] AndroidManifest.xml:10:18-89
138            android:directBootAware="true"
138-->[com.google.firebase:firebase-common:20.4.3] AndroidManifest.xml:32:13-43
139            android:exported="false" >
139-->[com.google.firebase:firebase-perf:20.5.2] AndroidManifest.xml:13:13-37
140            <meta-data
140-->[:cloud_firestore] AndroidManifest.xml:11:13-13:85
141                android:name="com.google.firebase.components:io.flutter.plugins.firebase.firestore.FlutterFirebaseFirestoreRegistrar"
141-->[:cloud_firestore] AndroidManifest.xml:12:17-134
142                android:value="com.google.firebase.components.ComponentRegistrar" />
142-->[:cloud_firestore] AndroidManifest.xml:13:17-82
143            <meta-data
143-->[:cloud_functions] AndroidManifest.xml:11:13-13:85
144                android:name="com.google.firebase.components:io.flutter.plugins.firebase.functions.FlutterFirebaseAppRegistrar"
144-->[:cloud_functions] AndroidManifest.xml:12:17-128
145                android:value="com.google.firebase.components.ComponentRegistrar" />
145-->[:cloud_functions] AndroidManifest.xml:13:17-82
146            <meta-data
146-->[:firebase_auth] AndroidManifest.xml:11:13-13:85
147                android:name="com.google.firebase.components:io.flutter.plugins.firebase.auth.FlutterFirebaseAuthRegistrar"
147-->[:firebase_auth] AndroidManifest.xml:12:17-124
148                android:value="com.google.firebase.components.ComponentRegistrar" />
148-->[:firebase_auth] AndroidManifest.xml:13:17-82
149            <meta-data
149-->[:firebase_performance] AndroidManifest.xml:13:13-15:85
150                android:name="com.google.firebase.components:io.flutter.plugins.firebase.performance.FlutterFirebaseAppRegistrar"
150-->[:firebase_performance] AndroidManifest.xml:14:17-130
151                android:value="com.google.firebase.components.ComponentRegistrar" />
151-->[:firebase_performance] AndroidManifest.xml:15:17-82
152            <meta-data
152-->[:firebase_storage] AndroidManifest.xml:11:13-13:85
153                android:name="com.google.firebase.components:io.flutter.plugins.firebase.storage.FlutterFirebaseAppRegistrar"
153-->[:firebase_storage] AndroidManifest.xml:12:17-126
154                android:value="com.google.firebase.components.ComponentRegistrar" />
154-->[:firebase_storage] AndroidManifest.xml:13:17-82
155            <meta-data
155-->[:firebase_core] AndroidManifest.xml:11:13-13:85
156                android:name="com.google.firebase.components:io.flutter.plugins.firebase.core.FlutterFirebaseCoreRegistrar"
156-->[:firebase_core] AndroidManifest.xml:12:17-124
157                android:value="com.google.firebase.components.ComponentRegistrar" />
157-->[:firebase_core] AndroidManifest.xml:13:17-82
158            <meta-data
158-->[com.google.firebase:firebase-perf:20.5.2] AndroidManifest.xml:14:13-16:85
159                android:name="com.google.firebase.components:com.google.firebase.perf.FirebasePerfKtxRegistrar"
159-->[com.google.firebase:firebase-perf:20.5.2] AndroidManifest.xml:15:17-112
160                android:value="com.google.firebase.components.ComponentRegistrar" />
160-->[com.google.firebase:firebase-perf:20.5.2] AndroidManifest.xml:16:17-82
161            <meta-data
161-->[com.google.firebase:firebase-perf:20.5.2] AndroidManifest.xml:17:13-19:85
162                android:name="com.google.firebase.components:com.google.firebase.perf.FirebasePerfRegistrar"
162-->[com.google.firebase:firebase-perf:20.5.2] AndroidManifest.xml:18:17-109
163                android:value="com.google.firebase.components.ComponentRegistrar" />
163-->[com.google.firebase:firebase-perf:20.5.2] AndroidManifest.xml:19:17-82
164            <meta-data
164-->[com.google.firebase:firebase-auth:22.3.1] AndroidManifest.xml:69:13-71:85
165                android:name="com.google.firebase.components:com.google.firebase.auth.FirebaseAuthRegistrar"
165-->[com.google.firebase:firebase-auth:22.3.1] AndroidManifest.xml:70:17-109
166                android:value="com.google.firebase.components.ComponentRegistrar" />
166-->[com.google.firebase:firebase-auth:22.3.1] AndroidManifest.xml:71:17-82
167            <meta-data
167-->[com.google.firebase:firebase-functions:20.4.0] AndroidManifest.xml:15:13-17:85
168                android:name="com.google.firebase.components:com.google.firebase.functions.FirebaseFunctionsKtxRegistrar"
168-->[com.google.firebase:firebase-functions:20.4.0] AndroidManifest.xml:16:17-122
169                android:value="com.google.firebase.components.ComponentRegistrar" />
169-->[com.google.firebase:firebase-functions:20.4.0] AndroidManifest.xml:17:17-82
170            <meta-data
170-->[com.google.firebase:firebase-functions:20.4.0] AndroidManifest.xml:18:13-20:85
171                android:name="com.google.firebase.components:com.google.firebase.functions.FunctionsRegistrar"
171-->[com.google.firebase:firebase-functions:20.4.0] AndroidManifest.xml:19:17-111
172                android:value="com.google.firebase.components.ComponentRegistrar" />
172-->[com.google.firebase:firebase-functions:20.4.0] AndroidManifest.xml:20:17-82
173            <meta-data
173-->[com.google.firebase:firebase-firestore:24.11.0] AndroidManifest.xml:17:13-19:85
174                android:name="com.google.firebase.components:com.google.firebase.firestore.FirebaseFirestoreKtxRegistrar"
174-->[com.google.firebase:firebase-firestore:24.11.0] AndroidManifest.xml:18:17-122
175                android:value="com.google.firebase.components.ComponentRegistrar" />
175-->[com.google.firebase:firebase-firestore:24.11.0] AndroidManifest.xml:19:17-82
176            <meta-data
176-->[com.google.firebase:firebase-firestore:24.11.0] AndroidManifest.xml:20:13-22:85
177                android:name="com.google.firebase.components:com.google.firebase.firestore.FirestoreRegistrar"
177-->[com.google.firebase:firebase-firestore:24.11.0] AndroidManifest.xml:21:17-111
178                android:value="com.google.firebase.components.ComponentRegistrar" />
178-->[com.google.firebase:firebase-firestore:24.11.0] AndroidManifest.xml:22:17-82
179            <meta-data
179-->[com.google.firebase:firebase-storage:20.3.0] AndroidManifest.xml:30:13-32:85
180                android:name="com.google.firebase.components:com.google.firebase.storage.FirebaseStorageKtxRegistrar"
180-->[com.google.firebase:firebase-storage:20.3.0] AndroidManifest.xml:31:17-118
181                android:value="com.google.firebase.components.ComponentRegistrar" />
181-->[com.google.firebase:firebase-storage:20.3.0] AndroidManifest.xml:32:17-82
182            <meta-data
182-->[com.google.firebase:firebase-storage:20.3.0] AndroidManifest.xml:33:13-35:85
183                android:name="com.google.firebase.components:com.google.firebase.storage.StorageRegistrar"
183-->[com.google.firebase:firebase-storage:20.3.0] AndroidManifest.xml:34:17-107
184                android:value="com.google.firebase.components.ComponentRegistrar" />
184-->[com.google.firebase:firebase-storage:20.3.0] AndroidManifest.xml:35:17-82
185            <meta-data
185-->[com.google.firebase:firebase-appcheck:17.1.2] AndroidManifest.xml:25:13-27:85
186                android:name="com.google.firebase.components:com.google.firebase.appcheck.FirebaseAppCheckKtxRegistrar"
186-->[com.google.firebase:firebase-appcheck:17.1.2] AndroidManifest.xml:26:17-120
187                android:value="com.google.firebase.components.ComponentRegistrar" />
187-->[com.google.firebase:firebase-appcheck:17.1.2] AndroidManifest.xml:27:17-82
188            <meta-data
188-->[com.google.firebase:firebase-appcheck:17.1.2] AndroidManifest.xml:28:13-30:85
189                android:name="com.google.firebase.components:com.google.firebase.appcheck.FirebaseAppCheckRegistrar"
189-->[com.google.firebase:firebase-appcheck:17.1.2] AndroidManifest.xml:29:17-117
190                android:value="com.google.firebase.components.ComponentRegistrar" />
190-->[com.google.firebase:firebase-appcheck:17.1.2] AndroidManifest.xml:30:17-82
191            <meta-data
191-->[com.google.firebase:firebase-config:21.6.3] AndroidManifest.xml:29:13-31:85
192                android:name="com.google.firebase.components:com.google.firebase.remoteconfig.FirebaseRemoteConfigKtxRegistrar"
192-->[com.google.firebase:firebase-config:21.6.3] AndroidManifest.xml:30:17-128
193                android:value="com.google.firebase.components.ComponentRegistrar" />
193-->[com.google.firebase:firebase-config:21.6.3] AndroidManifest.xml:31:17-82
194            <meta-data
194-->[com.google.firebase:firebase-config:21.6.3] AndroidManifest.xml:32:13-34:85
195                android:name="com.google.firebase.components:com.google.firebase.remoteconfig.RemoteConfigRegistrar"
195-->[com.google.firebase:firebase-config:21.6.3] AndroidManifest.xml:33:17-117
196                android:value="com.google.firebase.components.ComponentRegistrar" />
196-->[com.google.firebase:firebase-config:21.6.3] AndroidManifest.xml:34:17-82
197            <meta-data
197-->[com.google.firebase:firebase-sessions:1.2.2] AndroidManifest.xml:29:13-31:85
198                android:name="com.google.firebase.components:com.google.firebase.sessions.FirebaseSessionsRegistrar"
198-->[com.google.firebase:firebase-sessions:1.2.2] AndroidManifest.xml:30:17-117
199                android:value="com.google.firebase.components.ComponentRegistrar" />
199-->[com.google.firebase:firebase-sessions:1.2.2] AndroidManifest.xml:31:17-82
200            <meta-data
200-->[com.google.firebase:firebase-iid:21.1.0] AndroidManifest.xml:32:13-34:85
201                android:name="com.google.firebase.components:com.google.firebase.iid.Registrar"
201-->[com.google.firebase:firebase-iid:21.1.0] AndroidManifest.xml:33:17-96
202                android:value="com.google.firebase.components.ComponentRegistrar" />
202-->[com.google.firebase:firebase-iid:21.1.0] AndroidManifest.xml:34:17-82
203            <meta-data
203-->[com.google.firebase:firebase-installations:17.2.0] AndroidManifest.xml:15:13-17:85
204                android:name="com.google.firebase.components:com.google.firebase.installations.FirebaseInstallationsKtxRegistrar"
204-->[com.google.firebase:firebase-installations:17.2.0] AndroidManifest.xml:16:17-130
205                android:value="com.google.firebase.components.ComponentRegistrar" />
205-->[com.google.firebase:firebase-installations:17.2.0] AndroidManifest.xml:17:17-82
206            <meta-data
206-->[com.google.firebase:firebase-installations:17.2.0] AndroidManifest.xml:18:13-20:85
207                android:name="com.google.firebase.components:com.google.firebase.installations.FirebaseInstallationsRegistrar"
207-->[com.google.firebase:firebase-installations:17.2.0] AndroidManifest.xml:19:17-127
208                android:value="com.google.firebase.components.ComponentRegistrar" />
208-->[com.google.firebase:firebase-installations:17.2.0] AndroidManifest.xml:20:17-82
209            <meta-data
209-->[com.google.firebase:firebase-common-ktx:20.4.3] AndroidManifest.xml:12:13-14:85
210                android:name="com.google.firebase.components:com.google.firebase.ktx.FirebaseCommonLegacyRegistrar"
210-->[com.google.firebase:firebase-common-ktx:20.4.3] AndroidManifest.xml:13:17-116
211                android:value="com.google.firebase.components.ComponentRegistrar" />
211-->[com.google.firebase:firebase-common-ktx:20.4.3] AndroidManifest.xml:14:17-82
212            <meta-data
212-->[com.google.firebase:firebase-common:20.4.3] AndroidManifest.xml:35:13-37:85
213                android:name="com.google.firebase.components:com.google.firebase.FirebaseCommonKtxRegistrar"
213-->[com.google.firebase:firebase-common:20.4.3] AndroidManifest.xml:36:17-109
214                android:value="com.google.firebase.components.ComponentRegistrar" />
214-->[com.google.firebase:firebase-common:20.4.3] AndroidManifest.xml:37:17-82
215            <meta-data
215-->[com.google.firebase:firebase-abt:21.1.1] AndroidManifest.xml:12:13-14:85
216                android:name="com.google.firebase.components:com.google.firebase.abt.component.AbtRegistrar"
216-->[com.google.firebase:firebase-abt:21.1.1] AndroidManifest.xml:13:17-109
217                android:value="com.google.firebase.components.ComponentRegistrar" />
217-->[com.google.firebase:firebase-abt:21.1.1] AndroidManifest.xml:14:17-82
218            <meta-data
218-->[com.google.firebase:firebase-datatransport:18.1.8] AndroidManifest.xml:27:13-29:85
219                android:name="com.google.firebase.components:com.google.firebase.datatransport.TransportRegistrar"
219-->[com.google.firebase:firebase-datatransport:18.1.8] AndroidManifest.xml:28:17-115
220                android:value="com.google.firebase.components.ComponentRegistrar" />
220-->[com.google.firebase:firebase-datatransport:18.1.8] AndroidManifest.xml:29:17-82
221        </service>
222
223        <provider
223-->[:image_picker_android] AndroidManifest.xml:10:9-18:20
224            android:name="io.flutter.plugins.imagepicker.ImagePickerFileProvider"
224-->[:image_picker_android] AndroidManifest.xml:11:13-82
225            android:authorities="com.gds.customer.flutter.image_provider"
225-->[:image_picker_android] AndroidManifest.xml:12:13-74
226            android:exported="false"
226-->[:image_picker_android] AndroidManifest.xml:13:13-37
227            android:grantUriPermissions="true" >
227-->[:image_picker_android] AndroidManifest.xml:14:13-47
228            <meta-data
228-->[:image_picker_android] AndroidManifest.xml:15:13-17:75
229                android:name="android.support.FILE_PROVIDER_PATHS"
229-->[:image_picker_android] AndroidManifest.xml:16:17-67
230                android:resource="@xml/flutter_image_picker_file_paths" />
230-->[:image_picker_android] AndroidManifest.xml:17:17-72
231        </provider>
232
233        <service
233-->[:geolocator_android] AndroidManifest.xml:10:9-14:56
234            android:name="com.baseflow.geolocator.GeolocatorLocationService"
234-->[:geolocator_android] AndroidManifest.xml:11:13-77
235            android:enabled="true"
235-->[:geolocator_android] AndroidManifest.xml:12:13-35
236            android:exported="false"
236-->[:geolocator_android] AndroidManifest.xml:13:13-37
237            android:foregroundServiceType="location" />
237-->[:geolocator_android] AndroidManifest.xml:14:13-53
238
239        <activity
239-->[:url_launcher_android] AndroidManifest.xml:10:9-13:74
240            android:name="io.flutter.plugins.urllauncher.WebViewActivity"
240-->[:url_launcher_android] AndroidManifest.xml:11:13-74
241            android:exported="false"
241-->[:url_launcher_android] AndroidManifest.xml:12:13-37
242            android:theme="@android:style/Theme.NoTitleBar.Fullscreen" />
242-->[:url_launcher_android] AndroidManifest.xml:13:13-71
243        <activity
243-->[com.stripe:paymentsheet:20.37.4] AndroidManifest.xml:8:9-12:58
244            android:name="com.stripe.android.paymentsheet.PaymentSheetActivity"
244-->[com.stripe:paymentsheet:20.37.4] AndroidManifest.xml:9:13-80
245            android:exported="false"
245-->[com.stripe:paymentsheet:20.37.4] AndroidManifest.xml:10:13-37
246            android:theme="@style/StripePaymentSheetDefaultTheme"
246-->[com.stripe:paymentsheet:20.37.4] AndroidManifest.xml:11:13-66
247            android:windowSoftInputMode="adjustResize" />
247-->[com.stripe:paymentsheet:20.37.4] AndroidManifest.xml:12:13-55
248        <activity
248-->[com.stripe:paymentsheet:20.37.4] AndroidManifest.xml:13:9-17:58
249            android:name="com.stripe.android.paymentsheet.PaymentOptionsActivity"
249-->[com.stripe:paymentsheet:20.37.4] AndroidManifest.xml:14:13-82
250            android:exported="false"
250-->[com.stripe:paymentsheet:20.37.4] AndroidManifest.xml:15:13-37
251            android:theme="@style/StripePaymentSheetDefaultTheme"
251-->[com.stripe:paymentsheet:20.37.4] AndroidManifest.xml:16:13-66
252            android:windowSoftInputMode="adjustResize" />
252-->[com.stripe:paymentsheet:20.37.4] AndroidManifest.xml:17:13-55
253        <activity
253-->[com.stripe:paymentsheet:20.37.4] AndroidManifest.xml:18:9-22:58
254            android:name="com.stripe.android.customersheet.CustomerSheetActivity"
254-->[com.stripe:paymentsheet:20.37.4] AndroidManifest.xml:19:13-82
255            android:exported="false"
255-->[com.stripe:paymentsheet:20.37.4] AndroidManifest.xml:20:13-37
256            android:theme="@style/StripePaymentSheetDefaultTheme"
256-->[com.stripe:paymentsheet:20.37.4] AndroidManifest.xml:21:13-66
257            android:windowSoftInputMode="adjustResize" />
257-->[com.stripe:paymentsheet:20.37.4] AndroidManifest.xml:22:13-55
258        <activity
258-->[com.stripe:paymentsheet:20.37.4] AndroidManifest.xml:23:9-26:69
259            android:name="com.stripe.android.paymentsheet.addresselement.AddressElementActivity"
259-->[com.stripe:paymentsheet:20.37.4] AndroidManifest.xml:24:13-97
260            android:exported="false"
260-->[com.stripe:paymentsheet:20.37.4] AndroidManifest.xml:25:13-37
261            android:theme="@style/StripePaymentSheetDefaultTheme" />
261-->[com.stripe:paymentsheet:20.37.4] AndroidManifest.xml:26:13-66
262        <activity
262-->[com.stripe:paymentsheet:20.37.4] AndroidManifest.xml:27:9-30:69
263            android:name="com.stripe.android.paymentsheet.paymentdatacollection.bacs.BacsMandateConfirmationActivity"
263-->[com.stripe:paymentsheet:20.37.4] AndroidManifest.xml:28:13-118
264            android:exported="false"
264-->[com.stripe:paymentsheet:20.37.4] AndroidManifest.xml:29:13-37
265            android:theme="@style/StripePaymentSheetDefaultTheme" />
265-->[com.stripe:paymentsheet:20.37.4] AndroidManifest.xml:30:13-66
266        <activity
266-->[com.stripe:paymentsheet:20.37.4] AndroidManifest.xml:31:9-34:69
267            android:name="com.stripe.android.paymentsheet.paymentdatacollection.polling.PollingActivity"
267-->[com.stripe:paymentsheet:20.37.4] AndroidManifest.xml:32:13-105
268            android:exported="false"